Compiling the C compiler identification source file "CMakeCCompilerId.c" failed.
Compiler: cl 
Build flags: 
Id flags:  

The output was:
The system cannot find the file specified


Compiling the C compiler identification source file "CMakeCCompilerId.c" failed.
Compiler: cl 
Build flags: 
Id flags: -c 

The output was:
The system cannot find the file specified


Compiling the C compiler identification source file "CMakeCCompilerId.c" failed.
Compiler: cl 
Build flags: 
Id flags: -Aa 

The output was:
The system cannot find the file specified


Compiling the C compiler identification source file "CMakeCCompilerId.c" failed.
Compiler: cl 
Build flags: 
Id flags: -D__CLASSIC_C__ 

The output was:
The system cannot find the file specified


Compiling the C compiler identification source file "CMakeCCompilerId.c" failed.
Compiler: cl 
Build flags: 
Id flags: --target=arm-arm-none-eabi;-mcpu=cortex-m3 

The output was:
The system cannot find the file specified


Compiling the C compiler identification source file "CMakeCCompilerId.c" failed.
Compiler: cl 
Build flags: 
Id flags:  

The output was:
The system cannot find the file specified


Compiling the C compiler identification source file "CMakeCCompilerId.c" failed.
Compiler: cl 
Build flags: 
Id flags: -c 

The output was:
The system cannot find the file specified


Compiling the C compiler identification source file "CMakeCCompilerId.c" failed.
Compiler: cl 
Build flags: 
Id flags: -Aa 

The output was:
The system cannot find the file specified


Compiling the C compiler identification source file "CMakeCCompilerId.c" failed.
Compiler: cl 
Build flags: 
Id flags: -D__CLASSIC_C__ 

The output was:
The system cannot find the file specified


Compiling the C compiler identification source file "CMakeCCompilerId.c" failed.
Compiler: cl 
Build flags: 
Id flags: --target=arm-arm-none-eabi;-mcpu=cortex-m3 

The output was:
The system cannot find the file specified


Checking whether the C compiler is IAR using "" did not match "IAR .+ Compiler":
Checking whether the C compiler is IAR using "" did not match "IAR .+ Compiler":
Compiling the CXX compiler identification source file "CMakeCXXCompilerId.cpp" failed.
Compiler: cl 
Build flags: 
Id flags:  

The output was:
The system cannot find the file specified


Compiling the CXX compiler identification source file "CMakeCXXCompilerId.cpp" failed.
Compiler: cl 
Build flags: 
Id flags: -c 

The output was:
The system cannot find the file specified


Compiling the CXX compiler identification source file "CMakeCXXCompilerId.cpp" failed.
Compiler: cl 
Build flags: 
Id flags: --c++ 

The output was:
The system cannot find the file specified


Compiling the CXX compiler identification source file "CMakeCXXCompilerId.cpp" failed.
Compiler: cl 
Build flags: 
Id flags: --ec++ 

The output was:
The system cannot find the file specified


Compiling the CXX compiler identification source file "CMakeCXXCompilerId.cpp" failed.
Compiler: cl 
Build flags: 
Id flags: --target=arm-arm-none-eabi;-mcpu=cortex-m3 

The output was:
The system cannot find the file specified


Compiling the CXX compiler identification source file "CMakeCXXCompilerId.cpp" failed.
Compiler: cl 
Build flags: 
Id flags:  

The output was:
The system cannot find the file specified


Compiling the CXX compiler identification source file "CMakeCXXCompilerId.cpp" failed.
Compiler: cl 
Build flags: 
Id flags: -c 

The output was:
The system cannot find the file specified


Compiling the CXX compiler identification source file "CMakeCXXCompilerId.cpp" failed.
Compiler: cl 
Build flags: 
Id flags: --c++ 

The output was:
The system cannot find the file specified


Compiling the CXX compiler identification source file "CMakeCXXCompilerId.cpp" failed.
Compiler: cl 
Build flags: 
Id flags: --ec++ 

The output was:
The system cannot find the file specified


Compiling the CXX compiler identification source file "CMakeCXXCompilerId.cpp" failed.
Compiler: cl 
Build flags: 
Id flags: --target=arm-arm-none-eabi;-mcpu=cortex-m3 

The output was:
The system cannot find the file specified


Checking whether the CXX compiler is IAR using "" did not match "IAR .+ Compiler":
Checking whether the CXX compiler is IAR using "" did not match "IAR .+ Compiler":
Compiling the C compiler identification source file "CMakeCCompilerId.c" failed.
Compiler: cl 
Build flags: 
Id flags:  

The output was:
The system cannot find the file specified


Compiling the C compiler identification source file "CMakeCCompilerId.c" failed.
Compiler: cl 
Build flags: 
Id flags: -c 

The output was:
The system cannot find the file specified


Compiling the C compiler identification source file "CMakeCCompilerId.c" failed.
Compiler: cl 
Build flags: 
Id flags: -Aa 

The output was:
The system cannot find the file specified


Compiling the C compiler identification source file "CMakeCCompilerId.c" failed.
Compiler: cl 
Build flags: 
Id flags: -D__CLASSIC_C__ 

The output was:
The system cannot find the file specified


Compiling the C compiler identification source file "CMakeCCompilerId.c" failed.
Compiler: cl 
Build flags: 
Id flags: --target=arm-arm-none-eabi;-mcpu=cortex-m3 

The output was:
The system cannot find the file specified


Compiling the C compiler identification source file "CMakeCCompilerId.c" failed.
Compiler: cl 
Build flags: 
Id flags:  

The output was:
The system cannot find the file specified


Compiling the C compiler identification source file "CMakeCCompilerId.c" failed.
Compiler: cl 
Build flags: 
Id flags: -c 

The output was:
The system cannot find the file specified


Compiling the C compiler identification source file "CMakeCCompilerId.c" failed.
Compiler: cl 
Build flags: 
Id flags: -Aa 

The output was:
The system cannot find the file specified


Compiling the C compiler identification source file "CMakeCCompilerId.c" failed.
Compiler: cl 
Build flags: 
Id flags: -D__CLASSIC_C__ 

The output was:
The system cannot find the file specified


Compiling the C compiler identification source file "CMakeCCompilerId.c" failed.
Compiler: cl 
Build flags: 
Id flags: --target=arm-arm-none-eabi;-mcpu=cortex-m3 

The output was:
The system cannot find the file specified


Checking whether the C compiler is IAR using "" did not match "IAR .+ Compiler":
Checking whether the C compiler is IAR using "" did not match "IAR .+ Compiler":
Compiling the CXX compiler identification source file "CMakeCXXCompilerId.cpp" failed.
Compiler: cl 
Build flags: 
Id flags:  

The output was:
The system cannot find the file specified


Compiling the CXX compiler identification source file "CMakeCXXCompilerId.cpp" failed.
Compiler: cl 
Build flags: 
Id flags: -c 

The output was:
The system cannot find the file specified


Compiling the CXX compiler identification source file "CMakeCXXCompilerId.cpp" failed.
Compiler: cl 
Build flags: 
Id flags: --c++ 

The output was:
The system cannot find the file specified


Compiling the CXX compiler identification source file "CMakeCXXCompilerId.cpp" failed.
Compiler: cl 
Build flags: 
Id flags: --ec++ 

The output was:
The system cannot find the file specified


Compiling the CXX compiler identification source file "CMakeCXXCompilerId.cpp" failed.
Compiler: cl 
Build flags: 
Id flags: --target=arm-arm-none-eabi;-mcpu=cortex-m3 

The output was:
The system cannot find the file specified


Compiling the CXX compiler identification source file "CMakeCXXCompilerId.cpp" failed.
Compiler: cl 
Build flags: 
Id flags:  

The output was:
The system cannot find the file specified


Compiling the CXX compiler identification source file "CMakeCXXCompilerId.cpp" failed.
Compiler: cl 
Build flags: 
Id flags: -c 

The output was:
The system cannot find the file specified


Compiling the CXX compiler identification source file "CMakeCXXCompilerId.cpp" failed.
Compiler: cl 
Build flags: 
Id flags: --c++ 

The output was:
The system cannot find the file specified


Compiling the CXX compiler identification source file "CMakeCXXCompilerId.cpp" failed.
Compiler: cl 
Build flags: 
Id flags: --ec++ 

The output was:
The system cannot find the file specified


Compiling the CXX compiler identification source file "CMakeCXXCompilerId.cpp" failed.
Compiler: cl 
Build flags: 
Id flags: --target=arm-arm-none-eabi;-mcpu=cortex-m3 

The output was:
The system cannot find the file specified


Checking whether the CXX compiler is IAR using "" did not match "IAR .+ Compiler":
Checking whether the CXX compiler is IAR using "" did not match "IAR .+ Compiler":
Compiling the C compiler identification source file "CMakeCCompilerId.c" failed.
Compiler: cl 
Build flags: 
Id flags:  

The output was:
The system cannot find the file specified


Compiling the C compiler identification source file "CMakeCCompilerId.c" failed.
Compiler: cl 
Build flags: 
Id flags: -c 

The output was:
The system cannot find the file specified


Compiling the C compiler identification source file "CMakeCCompilerId.c" failed.
Compiler: cl 
Build flags: 
Id flags: -Aa 

The output was:
The system cannot find the file specified


Compiling the C compiler identification source file "CMakeCCompilerId.c" failed.
Compiler: cl 
Build flags: 
Id flags: -D__CLASSIC_C__ 

The output was:
The system cannot find the file specified


Compiling the C compiler identification source file "CMakeCCompilerId.c" failed.
Compiler: cl 
Build flags: 
Id flags: --target=arm-arm-none-eabi;-mcpu=cortex-m3 

The output was:
The system cannot find the file specified


Compiling the C compiler identification source file "CMakeCCompilerId.c" failed.
Compiler: cl 
Build flags: 
Id flags:  

The output was:
The system cannot find the file specified


Compiling the C compiler identification source file "CMakeCCompilerId.c" failed.
Compiler: cl 
Build flags: 
Id flags: -c 

The output was:
The system cannot find the file specified


Compiling the C compiler identification source file "CMakeCCompilerId.c" failed.
Compiler: cl 
Build flags: 
Id flags: -Aa 

The output was:
The system cannot find the file specified


Compiling the C compiler identification source file "CMakeCCompilerId.c" failed.
Compiler: cl 
Build flags: 
Id flags: -D__CLASSIC_C__ 

The output was:
The system cannot find the file specified


Compiling the C compiler identification source file "CMakeCCompilerId.c" failed.
Compiler: cl 
Build flags: 
Id flags: --target=arm-arm-none-eabi;-mcpu=cortex-m3 

The output was:
The system cannot find the file specified


Checking whether the C compiler is IAR using "" did not match "IAR .+ Compiler":
Checking whether the C compiler is IAR using "" did not match "IAR .+ Compiler":
Compiling the CXX compiler identification source file "CMakeCXXCompilerId.cpp" failed.
Compiler: cl 
Build flags: 
Id flags:  

The output was:
The system cannot find the file specified


Compiling the CXX compiler identification source file "CMakeCXXCompilerId.cpp" failed.
Compiler: cl 
Build flags: 
Id flags: -c 

The output was:
The system cannot find the file specified


Compiling the CXX compiler identification source file "CMakeCXXCompilerId.cpp" failed.
Compiler: cl 
Build flags: 
Id flags: --c++ 

The output was:
The system cannot find the file specified


Compiling the CXX compiler identification source file "CMakeCXXCompilerId.cpp" failed.
Compiler: cl 
Build flags: 
Id flags: --ec++ 

The output was:
The system cannot find the file specified


Compiling the CXX compiler identification source file "CMakeCXXCompilerId.cpp" failed.
Compiler: cl 
Build flags: 
Id flags: --target=arm-arm-none-eabi;-mcpu=cortex-m3 

The output was:
The system cannot find the file specified


Compiling the CXX compiler identification source file "CMakeCXXCompilerId.cpp" failed.
Compiler: cl 
Build flags: 
Id flags:  

The output was:
The system cannot find the file specified


Compiling the CXX compiler identification source file "CMakeCXXCompilerId.cpp" failed.
Compiler: cl 
Build flags: 
Id flags: -c 

The output was:
The system cannot find the file specified


Compiling the CXX compiler identification source file "CMakeCXXCompilerId.cpp" failed.
Compiler: cl 
Build flags: 
Id flags: --c++ 

The output was:
The system cannot find the file specified


Compiling the CXX compiler identification source file "CMakeCXXCompilerId.cpp" failed.
Compiler: cl 
Build flags: 
Id flags: --ec++ 

The output was:
The system cannot find the file specified


Compiling the CXX compiler identification source file "CMakeCXXCompilerId.cpp" failed.
Compiler: cl 
Build flags: 
Id flags: --target=arm-arm-none-eabi;-mcpu=cortex-m3 

The output was:
The system cannot find the file specified


Checking whether the CXX compiler is IAR using "" did not match "IAR .+ Compiler":
Checking whether the CXX compiler is IAR using "" did not match "IAR .+ Compiler":
Compiling the C compiler identification source file "CMakeCCompilerId.c" failed.
Compiler: cl 
Build flags: 
Id flags:  

The output was:
The system cannot find the file specified


Compiling the C compiler identification source file "CMakeCCompilerId.c" failed.
Compiler: cl 
Build flags: 
Id flags: -c 

The output was:
The system cannot find the file specified


Compiling the C compiler identification source file "CMakeCCompilerId.c" failed.
Compiler: cl 
Build flags: 
Id flags: -Aa 

The output was:
The system cannot find the file specified


Compiling the C compiler identification source file "CMakeCCompilerId.c" failed.
Compiler: cl 
Build flags: 
Id flags: -D__CLASSIC_C__ 

The output was:
The system cannot find the file specified


Compiling the C compiler identification source file "CMakeCCompilerId.c" failed.
Compiler: cl 
Build flags: 
Id flags: --target=arm-arm-none-eabi;-mcpu=cortex-m3 

The output was:
The system cannot find the file specified


Compiling the C compiler identification source file "CMakeCCompilerId.c" failed.
Compiler: cl 
Build flags: 
Id flags:  

The output was:
The system cannot find the file specified


Compiling the C compiler identification source file "CMakeCCompilerId.c" failed.
Compiler: cl 
Build flags: 
Id flags: -c 

The output was:
The system cannot find the file specified


Compiling the C compiler identification source file "CMakeCCompilerId.c" failed.
Compiler: cl 
Build flags: 
Id flags: -Aa 

The output was:
The system cannot find the file specified


Compiling the C compiler identification source file "CMakeCCompilerId.c" failed.
Compiler: cl 
Build flags: 
Id flags: -D__CLASSIC_C__ 

The output was:
The system cannot find the file specified


Compiling the C compiler identification source file "CMakeCCompilerId.c" failed.
Compiler: cl 
Build flags: 
Id flags: --target=arm-arm-none-eabi;-mcpu=cortex-m3 

The output was:
The system cannot find the file specified


Checking whether the C compiler is IAR using "" did not match "IAR .+ Compiler":
Checking whether the C compiler is IAR using "" did not match "IAR .+ Compiler":
Compiling the CXX compiler identification source file "CMakeCXXCompilerId.cpp" failed.
Compiler: cl 
Build flags: 
Id flags:  

The output was:
The system cannot find the file specified


Compiling the CXX compiler identification source file "CMakeCXXCompilerId.cpp" failed.
Compiler: cl 
Build flags: 
Id flags: -c 

The output was:
The system cannot find the file specified


Compiling the CXX compiler identification source file "CMakeCXXCompilerId.cpp" failed.
Compiler: cl 
Build flags: 
Id flags: --c++ 

The output was:
The system cannot find the file specified


Compiling the CXX compiler identification source file "CMakeCXXCompilerId.cpp" failed.
Compiler: cl 
Build flags: 
Id flags: --ec++ 

The output was:
The system cannot find the file specified


Compiling the CXX compiler identification source file "CMakeCXXCompilerId.cpp" failed.
Compiler: cl 
Build flags: 
Id flags: --target=arm-arm-none-eabi;-mcpu=cortex-m3 

The output was:
The system cannot find the file specified


Compiling the CXX compiler identification source file "CMakeCXXCompilerId.cpp" failed.
Compiler: cl 
Build flags: 
Id flags:  

The output was:
The system cannot find the file specified


Compiling the CXX compiler identification source file "CMakeCXXCompilerId.cpp" failed.
Compiler: cl 
Build flags: 
Id flags: -c 

The output was:
The system cannot find the file specified


Compiling the CXX compiler identification source file "CMakeCXXCompilerId.cpp" failed.
Compiler: cl 
Build flags: 
Id flags: --c++ 

The output was:
The system cannot find the file specified


Compiling the CXX compiler identification source file "CMakeCXXCompilerId.cpp" failed.
Compiler: cl 
Build flags: 
Id flags: --ec++ 

The output was:
The system cannot find the file specified


Compiling the CXX compiler identification source file "CMakeCXXCompilerId.cpp" failed.
Compiler: cl 
Build flags: 
Id flags: --target=arm-arm-none-eabi;-mcpu=cortex-m3 

The output was:
The system cannot find the file specified


Checking whether the CXX compiler is IAR using "" did not match "IAR .+ Compiler":
Checking whether the CXX compiler is IAR using "" did not match "IAR .+ Compiler":
Determining if the include file pthread.h exists failed with the following output:
Change Dir: C:/catkin_ws/build/CMakeFiles/CMakeTmp

Run Build Command(s):nmake /nologo cmTC_082ac\fast && 	E:\viualstudio\VC\Tools\MSVC\14.29.30133\bin\HostX64\x64\nmake.exe  -f CMakeFiles\cmTC_082ac.dir\build.make /nologo -L                  CMakeFiles\cmTC_082ac.dir\build
Building C object CMakeFiles/cmTC_082ac.dir/CheckIncludeFile.c.obj
	E:\viualstudio\VC\Tools\MSVC\14.29.30133\bin\Hostx64\x64\cl.exe @C:\Users\gfvsixvb\AppData\Local\Temp\nm136E.tmp
CheckIncludeFile.c
C:\catkin_ws\build\CMakeFiles\CMakeTmp\CheckIncludeFile.c(1): fatal error C1083: Cannot open include file: 'pthread.h': No such file or directory
NMAKE : fatal error U1077: 'E:\viualstudio\VC\Tools\MSVC\14.29.30133\bin\Hostx64\x64\cl.exe' : return code '0x2'
Stop.
NMAKE : fatal error U1077: 'E:\viualstudio\VC\Tools\MSVC\14.29.30133\bin\HostX64\x64\nmake.exe' : return code '0x2'
Stop.



