The system is: Windows - 10.0.19044 - AMD64
Compiling the C compiler identification source file "CMakeCCompilerId.c" succeeded.
Compiler: E:/viualstudio/VC/Tools/MSVC/14.29.30133/bin/Hostx64/x64/cl.exe 
Build flags: 
Id flags:  

The output was:
0
Microsoft (R) C/C++ Optimizing Compiler Version 19.29.30147 for x64
Copyright (C) Microsoft Corporation.  All rights reserved.

CMakeCCompilerId.c
Microsoft (R) Incremental Linker Version 14.29.30147.0
Copyright (C) Microsoft Corporation.  All rights reserved.

/out:CMakeCCompilerId.exe 
CMakeCCompilerId.obj 


Compilation of the C compiler identification source "CMakeCCompilerId.c" produced "CMakeCCompilerId.exe"

Compilation of the C compiler identification source "CMakeCCompilerId.c" produced "CMakeCCompilerId.obj"

The C compiler identification is MSVC, found in "C:/catkin_ws/build/CMakeFiles/3.18.2/CompilerIdC/CMakeCCompilerId.exe"

Compiling the CXX compiler identification source file "CMakeCXXCompilerId.cpp" succeeded.
Compiler: E:/viualstudio/VC/Tools/MSVC/14.29.30133/bin/Hostx64/x64/cl.exe 
Build flags: 
Id flags:  

The output was:
0
Microsoft (R) C/C++ Optimizing Compiler Version 19.29.30147 for x64
Copyright (C) Microsoft Corporation.  All rights reserved.

CMakeCXXCompilerId.cpp
Microsoft (R) Incremental Linker Version 14.29.30147.0
Copyright (C) Microsoft Corporation.  All rights reserved.

/out:CMakeCXXCompilerId.exe 
CMakeCXXCompilerId.obj 


Compilation of the CXX compiler identification source "CMakeCXXCompilerId.cpp" produced "CMakeCXXCompilerId.exe"

Compilation of the CXX compiler identification source "CMakeCXXCompilerId.cpp" produced "CMakeCXXCompilerId.obj"

The CXX compiler identification is MSVC, found in "C:/catkin_ws/build/CMakeFiles/3.18.2/CompilerIdCXX/CMakeCXXCompilerId.exe"

Detecting C compiler ABI info compiled with the following output:
Change Dir: C:/catkin_ws/build/CMakeFiles/CMakeTmp

Run Build Command(s):nmake /nologo cmTC_cc91e\fast && 	E:\viualstudio\VC\Tools\MSVC\14.29.30133\bin\HostX64\x64\nmake.exe  -f CMakeFiles\cmTC_cc91e.dir\build.make /nologo -L                  CMakeFiles\cmTC_cc91e.dir\build
Building C object CMakeFiles/cmTC_cc91e.dir/CMakeCCompilerABI.c.obj
	E:\viualstudio\VC\Tools\MSVC\14.29.30133\bin\Hostx64\x64\cl.exe @C:\Users\gfvsixvb\AppData\Local\Temp\nmF66.tmp
CMakeCCompilerABI.c
Linking C executable cmTC_cc91e.exe
	C:\opt\ros\melodic\x64\lib\site-packages\cmake\data\bin\cmake.exe -E vs_link_exe --intdir=CMakeFiles\cmTC_cc91e.dir --rc="C:\PROGRA~2\Windows Kits\10\bin\10.0.19041.0\x64\rc.exe" --mt="C:\PROGRA~2\Windows Kits\10\bin\10.0.19041.0\x64\mt.exe" --manifests -- E:\viualstudio\VC\Tools\MSVC\14.29.30133\bin\Hostx64\x64\link.exe /nologo @CMakeFiles\cmTC_cc91e.dir\objects1.rsp @C:\Users\gfvsixvb\AppData\Local\Temp\nm1081.tmp



Detecting CXX compiler ABI info compiled with the following output:
Change Dir: C:/catkin_ws/build/CMakeFiles/CMakeTmp

Run Build Command(s):nmake /nologo cmTC_d3e0b\fast && 	E:\viualstudio\VC\Tools\MSVC\14.29.30133\bin\HostX64\x64\nmake.exe  -f CMakeFiles\cmTC_d3e0b.dir\build.make /nologo -L                  CMakeFiles\cmTC_d3e0b.dir\build
Building CXX object CMakeFiles/cmTC_d3e0b.dir/CMakeCXXCompilerABI.cpp.obj
	E:\viualstudio\VC\Tools\MSVC\14.29.30133\bin\Hostx64\x64\cl.exe @C:\Users\gfvsixvb\AppData\Local\Temp\nm10ED.tmp
CMakeCXXCompilerABI.cpp
Linking CXX executable cmTC_d3e0b.exe
	C:\opt\ros\melodic\x64\lib\site-packages\cmake\data\bin\cmake.exe -E vs_link_exe --intdir=CMakeFiles\cmTC_d3e0b.dir --rc="C:\PROGRA~2\Windows Kits\10\bin\10.0.19041.0\x64\rc.exe" --mt="C:\PROGRA~2\Windows Kits\10\bin\10.0.19041.0\x64\mt.exe" --manifests -- E:\viualstudio\VC\Tools\MSVC\14.29.30133\bin\Hostx64\x64\link.exe /nologo @CMakeFiles\cmTC_d3e0b.dir\objects1.rsp @C:\Users\gfvsixvb\AppData\Local\Temp\nm10FE.tmp



